[15-Nov-2024 09:27:04 UTC] PHP Fatal error:  Uncaught mysqli_sql_exception: Unknown column 'phone' in 'field list' in /home/u747325399/domains/liquag.com/public_html/dev/kwakha2/register.php:31
Stack trace:
#0 /home/u747325399/domains/liquag.com/public_html/dev/kwakha2/register.php(31): mysqli->prepare()
#1 {main}
  thrown in /home/u747325399/domains/liquag.com/public_html/dev/kwakha2/register.php on line 31
[15-Nov-2024 09:27:28 UTC] PHP Fatal error:  Uncaught mysqli_sql_exception: Unknown column 'phone' in 'field list' in /home/u747325399/domains/liquag.com/public_html/dev/kwakha2/register.php:31
Stack trace:
#0 /home/u747325399/domains/liquag.com/public_html/dev/kwakha2/register.php(31): mysqli->prepare()
#1 {main}
  thrown in /home/u747325399/domains/liquag.com/public_html/dev/kwakha2/register.php on line 31
[15-Nov-2024 09:27:33 UTC] PHP Fatal error:  Uncaught mysqli_sql_exception: Unknown column 'phone' in 'field list' in /home/u747325399/domains/liquag.com/public_html/dev/kwakha2/register.php:31
Stack trace:
#0 /home/u747325399/domains/liquag.com/public_html/dev/kwakha2/register.php(31): mysqli->prepare()
#1 {main}
  thrown in /home/u747325399/domains/liquag.com/public_html/dev/kwakha2/register.php on line 31
[15-Nov-2024 09:27:48 UTC] PHP Fatal error:  Uncaught mysqli_sql_exception: Unknown column 'phone' in 'field list' in /home/u747325399/domains/liquag.com/public_html/dev/kwakha2/register.php:31
Stack trace:
#0 /home/u747325399/domains/liquag.com/public_html/dev/kwakha2/register.php(31): mysqli->prepare()
#1 {main}
  thrown in /home/u747325399/domains/liquag.com/public_html/dev/kwakha2/register.php on line 31
[15-Nov-2024 09:28:04 UTC] PHP Fatal error:  Uncaught mysqli_sql_exception: Unknown column 'phone' in 'where clause' in /home/u747325399/domains/liquag.com/public_html/dev/kwakha2/register.php:31
Stack trace:
#0 /home/u747325399/domains/liquag.com/public_html/dev/kwakha2/register.php(31): mysqli->prepare()
#1 {main}
  thrown in /home/u747325399/domains/liquag.com/public_html/dev/kwakha2/register.php on line 31
[15-Nov-2024 09:53:18 UTC] PHP Fatal error:  Uncaught mysqli_sql_exception: Unknown column 'username' in 'field list' in /home/u747325399/domains/liquag.com/public_html/dev/kwakha2/register1.php:39
Stack trace:
#0 /home/u747325399/domains/liquag.com/public_html/dev/kwakha2/register1.php(39): mysqli->prepare()
#1 {main}
  thrown in /home/u747325399/domains/liquag.com/public_html/dev/kwakha2/register1.php on line 39
[15-Nov-2024 09:53:33 UTC] PHP Fatal error:  Uncaught mysqli_sql_exception: Unknown column 'username' in 'field list' in /home/u747325399/domains/liquag.com/public_html/dev/kwakha2/register1.php:39
Stack trace:
#0 /home/u747325399/domains/liquag.com/public_html/dev/kwakha2/register1.php(39): mysqli->prepare()
#1 {main}
  thrown in /home/u747325399/domains/liquag.com/public_html/dev/kwakha2/register1.php on line 39
[15-Nov-2024 09:54:00 UTC] PHP Warning:  Undefined array key "counselor_username" in /home/u747325399/domains/liquag.com/public_html/dev/kwakha2/register1.php on line 23
[15-Nov-2024 09:54:00 UTC] PHP Deprecated:  htmlspecialchars(): Passing null to parameter #1 ($string) of type string is deprecated in /home/u747325399/domains/liquag.com/public_html/dev/kwakha2/register1.php on line 23
[15-Nov-2024 09:54:00 UTC] PHP Fatal error:  Uncaught mysqli_sql_exception: Unknown column 'username' in 'field list' in /home/u747325399/domains/liquag.com/public_html/dev/kwakha2/register1.php:39
Stack trace:
#0 /home/u747325399/domains/liquag.com/public_html/dev/kwakha2/register1.php(39): mysqli->prepare()
#1 {main}
  thrown in /home/u747325399/domains/liquag.com/public_html/dev/kwakha2/register1.php on line 39
[15-Nov-2024 09:54:11 UTC] PHP Warning:  Undefined array key "counselor_username" in /home/u747325399/domains/liquag.com/public_html/dev/kwakha2/register1.php on line 23
[15-Nov-2024 09:54:11 UTC] PHP Deprecated:  htmlspecialchars(): Passing null to parameter #1 ($string) of type string is deprecated in /home/u747325399/domains/liquag.com/public_html/dev/kwakha2/register1.php on line 23
[15-Nov-2024 09:54:11 UTC] PHP Fatal error:  Uncaught mysqli_sql_exception: Unknown column 'username' in 'field list' in /home/u747325399/domains/liquag.com/public_html/dev/kwakha2/register1.php:39
Stack trace:
#0 /home/u747325399/domains/liquag.com/public_html/dev/kwakha2/register1.php(39): mysqli->prepare()
#1 {main}
  thrown in /home/u747325399/domains/liquag.com/public_html/dev/kwakha2/register1.php on line 39
[15-Nov-2024 09:54:36 UTC] PHP Warning:  Undefined array key "counselor_username" in /home/u747325399/domains/liquag.com/public_html/dev/kwakha2/register1.php on line 23
[15-Nov-2024 09:54:36 UTC] PHP Deprecated:  htmlspecialchars(): Passing null to parameter #1 ($string) of type string is deprecated in /home/u747325399/domains/liquag.com/public_html/dev/kwakha2/register1.php on line 23
[15-Nov-2024 09:54:36 UTC] PHP Fatal error:  Uncaught mysqli_sql_exception: Unknown column 'password' in 'field list' in /home/u747325399/domains/liquag.com/public_html/dev/kwakha2/register1.php:39
Stack trace:
#0 /home/u747325399/domains/liquag.com/public_html/dev/kwakha2/register1.php(39): mysqli->prepare()
#1 {main}
  thrown in /home/u747325399/domains/liquag.com/public_html/dev/kwakha2/register1.php on line 39
[15-Nov-2024 09:55:15 UTC] PHP Warning:  Undefined array key "counselor_username" in /home/u747325399/domains/liquag.com/public_html/dev/kwakha2/register1.php on line 23
[15-Nov-2024 09:55:15 UTC] PHP Deprecated:  htmlspecialchars(): Passing null to parameter #1 ($string) of type string is deprecated in /home/u747325399/domains/liquag.com/public_html/dev/kwakha2/register1.php on line 23
[15-Nov-2024 09:56:18 UTC] PHP Warning:  Undefined array key "counselor_username" in /home/u747325399/domains/liquag.com/public_html/dev/kwakha2/register1.php on line 23
[15-Nov-2024 09:56:18 UTC] PHP Deprecated:  htmlspecialchars(): Passing null to parameter #1 ($string) of type string is deprecated in /home/u747325399/domains/liquag.com/public_html/dev/kwakha2/register1.php on line 23
